[2024-12-20 20:35:56] Текст ошибки: foreach() argument must be of type array|object, bool given | Файл: /home/sites/MarlinDev_OOP/vendor/Core/App.php | Строка: 24
=================
[2024-12-20 20:35:57] Текст ошибки: foreach() argument must be of type array|object, bool given | Файл: /home/sites/MarlinDev_OOP/vendor/Core/App.php | Строка: 24
=================
[2024-12-20 20:35:57] Текст ошибки: foreach() argument must be of type array|object, bool given | Файл: /home/sites/MarlinDev_OOP/vendor/Core/App.php | Строка: 24
=================
[2024-12-20 20:35:58] Текст ошибки: foreach() argument must be of type array|object, bool given | Файл: /home/sites/MarlinDev_OOP/vendor/Core/App.php | Строка: 24
=================
[2024-12-20 20:36:13] Текст ошибки: foreach() argument must be of type array|object, bool given | Файл: /home/sites/MarlinDev_OOP/vendor/Core/App.php | Строка: 24
=================
[2024-12-20 20:36:13] Текст ошибки: foreach() argument must be of type array|object, bool given | Файл: /home/sites/MarlinDev_OOP/vendor/Core/App.php | Строка: 24
=================
[2024-12-20 20:36:13] Текст ошибки: foreach() argument must be of type array|object, bool given | Файл: /home/sites/MarlinDev_OOP/vendor/Core/App.php | Строка: 24
=================
[2024-12-20 20:36:14] Текст ошибки: foreach() argument must be of type array|object, bool given | Файл: /home/sites/MarlinDev_OOP/vendor/Core/App.php | Строка: 24
=================
[2024-12-20 20:36:38] Текст ошибки: extract(): Argument #1 ($array) must be of type array, Core\Patterns\Registry given | Файл: /home/sites/MarlinDev_OOP/vendor/Core/App.php | Строка: 20
=================
[2024-12-20 20:36:39] Текст ошибки: extract(): Argument #1 ($array) must be of type array, Core\Patterns\Registry given | Файл: /home/sites/MarlinDev_OOP/vendor/Core/App.php | Строка: 20
=================
[2024-12-20 20:36:49] Текст ошибки: extract(): Argument #1 ($array) must be of type array, Core\Patterns\Registry given | Файл: /home/sites/MarlinDev_OOP/vendor/Core/App.php | Строка: 20
=================
[2024-12-20 20:36:58] Текст ошибки: foreach() argument must be of type array|object, bool given | Файл: /home/sites/MarlinDev_OOP/vendor/Core/App.php | Строка: 25
=================
[2024-12-20 20:38:23] Текст ошибки: foreach() argument must be of type array|object, bool given | Файл: /home/sites/MarlinDev_OOP/vendor/Core/App.php | Строка: 26
=================
[2024-12-20 20:38:24] Текст ошибки: foreach() argument must be of type array|object, bool given | Файл: /home/sites/MarlinDev_OOP/vendor/Core/App.php | Строка: 26
=================
[2024-12-20 20:38:24] Текст ошибки: foreach() argument must be of type array|object, bool given | Файл: /home/sites/MarlinDev_OOP/vendor/Core/App.php | Строка: 26
=================
[2024-12-20 20:38:30] Текст ошибки: foreach() argument must be of type array|object, bool given | Файл: /home/sites/MarlinDev_OOP/vendor/Core/App.php | Строка: 26
=================
[2024-12-20 20:39:23] Текст ошибки: foreach() argument must be of type array|object, bool given | Файл: /home/sites/MarlinDev_OOP/vendor/Core/App.php | Строка: 26
=================
[2024-12-20 20:39:24] Текст ошибки: foreach() argument must be of type array|object, bool given | Файл: /home/sites/MarlinDev_OOP/vendor/Core/App.php | Строка: 26
=================
[2024-12-20 20:39:47] Текст ошибки: foreach() argument must be of type array|object, bool given | Файл: /home/sites/MarlinDev_OOP/vendor/Core/App.php | Строка: 26
=================
[2024-12-20 20:40:33] Текст ошибки: foreach() argument must be of type array|object, bool given | Файл: /home/sites/MarlinDev_OOP/vendor/Core/App.php | Строка: 26
=================
[2024-12-20 20:43:10] Текст ошибки: foreach() argument must be of type array|object, bool given | Файл: /home/sites/MarlinDev_OOP/vendor/Core/App.php | Строка: 32
=================
[2024-12-20 20:44:15] Текст ошибки: foreach() argument must be of type array|object, bool given | Файл: /home/sites/MarlinDev_OOP/vendor/Core/App.php | Строка: 32
=================
[2024-12-20 21:42:44] Текст ошибки: Undefined constant Core\Patterns\Registry::getProperties | Файл: /home/sites/MarlinDev_OOP/vendor/Core/DB.php | Строка: 17
=================
[2024-12-20 21:43:49] Текст ошибки: Call to private Core\DB::__construct() from scope Core\App | Файл: /home/sites/MarlinDev_OOP/vendor/Core/App.php | Строка: 19
=================
[2024-12-20 21:43:49] Текст ошибки: Call to private Core\DB::__construct() from scope Core\App | Файл: /home/sites/MarlinDev_OOP/vendor/Core/App.php | Строка: 19
=================
[2024-12-20 21:43:55] Текст ошибки: Call to protected Core\DB::__construct() from scope Core\App | Файл: /home/sites/MarlinDev_OOP/vendor/Core/App.php | Строка: 19
=================
[2024-12-20 21:59:44] Текст ошибки: Undefined constant Core\Patterns\Registry::getProperty | Файл: /home/sites/MarlinDev_OOP/vendor/Core/App.php | Строка: 19
=================
[2024-12-20 22:00:24] Текст ошибки: Undefined constant Core\Patterns\Registry::getProperty | Файл: /home/sites/MarlinDev_OOP/vendor/Core/App.php | Строка: 19
=================
[2024-12-20 22:00:30] Текст ошибки: Undefined constant Core\Patterns\Registry::getProperty | Файл: /home/sites/MarlinDev_OOP/vendor/Core/App.php | Строка: 19
=================
[2024-12-20 22:00:31] Текст ошибки: Undefined constant Core\Patterns\Registry::getProperty | Файл: /home/sites/MarlinDev_OOP/vendor/Core/App.php | Строка: 19
=================
[2024-12-20 22:00:43] Текст ошибки: Undefined constant Core\Patterns\Registry::getProperty | Файл: /home/sites/MarlinDev_OOP/vendor/Core/App.php | Строка: 19
=================
[2024-12-20 22:00:44] Текст ошибки: Undefined constant Core\Patterns\Registry::getProperty | Файл: /home/sites/MarlinDev_OOP/vendor/Core/App.php | Строка: 19
=================
[2024-12-20 22:02:35] Текст ошибки: Не удалось подключиться в БАЗЕ ДАННЫХ | Файл: /home/sites/MarlinDev_OOP/vendor/Core/DB.php | Строка: 23
=================
[2024-12-20 22:02:46] Текст ошибки: syntax error, unexpected token "}", expecting variable or "{" or "$" | Файл: /home/sites/MarlinDev_OOP/vendor/Core/DB.php | Строка: 19
=================
[2024-12-20 22:02:57] Текст ошибки: Не удалось подключиться в БАЗЕ ДАННЫХ | Файл: /home/sites/MarlinDev_OOP/vendor/Core/DB.php | Строка: 21
=================
[2024-12-20 22:02:58] Текст ошибки: Не удалось подключиться в БАЗЕ ДАННЫХ | Файл: /home/sites/MarlinDev_OOP/vendor/Core/DB.php | Строка: 21
=================
[2024-12-20 22:06:30] Текст ошибки: Не удалось подключиться в БАЗЕ ДАННЫХ | Файл: /home/sites/MarlinDev_OOP/vendor/Core/DB.php | Строка: 21
=================
[2024-12-20 23:12:40] Текст ошибки: Call to undefined method Core\Patterns\Registry::getAdmin_params() | Файл: /home/sites/MarlinDev_OOP/vendor/Core/App.php | Строка: 26
=================
[2024-12-20 23:13:09] Текст ошибки: Call to undefined method Core\Patterns\Registry::getAdmin_params() | Файл: /home/sites/MarlinDev_OOP/vendor/Core/App.php | Строка: 26
=================
[2024-12-20 23:22:56] Текст ошибки: Не удалось подключиться в БАЗЕ ДАННЫХ | Файл: /home/sites/MarlinDev_OOP/vendor/Core/DB.php | Строка: 18
=================
[2024-12-20 23:23:05] Текст ошибки: Не удалось подключиться в БАЗЕ ДАННЫХ | Файл: /home/sites/MarlinDev_OOP/vendor/Core/DB.php | Строка: 18
=================
[2024-12-20 23:23:07] Текст ошибки: Не удалось подключиться в БАЗЕ ДАННЫХ | Файл: /home/sites/MarlinDev_OOP/vendor/Core/DB.php | Строка: 18
=================
[2024-12-20 23:23:07] Текст ошибки: Не удалось подключиться в БАЗЕ ДАННЫХ | Файл: /home/sites/MarlinDev_OOP/vendor/Core/DB.php | Строка: 18
=================
[2024-12-20 23:23:25] Текст ошибки: Не удалось подключиться в БАЗЕ ДАННЫХ | Файл: /home/sites/MarlinDev_OOP/vendor/Core/DB.php | Строка: 18
=================
[2024-12-20 23:24:07] Текст ошибки: Не удалось подключиться в БАЗЕ ДАННЫХ | Файл: /home/sites/MarlinDev_OOP/vendor/Core/DB.php | Строка: 18
=================
[2024-12-20 23:24:07] Текст ошибки: Не удалось подключиться в БАЗЕ ДАННЫХ | Файл: /home/sites/MarlinDev_OOP/vendor/Core/DB.php | Строка: 18
=================
[2024-12-20 23:25:01] Текст ошибки: Не удалось подключиться в БАЗЕ ДАННЫХ | Файл: /home/sites/MarlinDev_OOP/vendor/Core/DB.php | Строка: 19
=================
[2024-12-20 23:25:01] Текст ошибки: Не удалось подключиться в БАЗЕ ДАННЫХ | Файл: /home/sites/MarlinDev_OOP/vendor/Core/DB.php | Строка: 19
=================
[2024-12-20 23:25:27] Текст ошибки: Не удалось подключиться в БАЗЕ ДАННЫХ | Файл: /home/sites/MarlinDev_OOP/vendor/Core/DB.php | Строка: 19
=================
[2024-12-20 23:25:28] Текст ошибки: Не удалось подключиться в БАЗЕ ДАННЫХ | Файл: /home/sites/MarlinDev_OOP/vendor/Core/DB.php | Строка: 19
=================
[2024-12-20 23:27:01] Текст ошибки: Too few arguments to function Core\DB::__construct(), 0 passed in /home/sites/MarlinDev_OOP/vendor/Core/Patterns/TSingleton.php on line 13 and exactly 1 expected | Файл: /home/sites/MarlinDev_OOP/vendor/Core/DB.php | Строка: 14
=================
[2024-12-20 23:27:02] Текст ошибки: Too few arguments to function Core\DB::__construct(), 0 passed in /home/sites/MarlinDev_OOP/vendor/Core/Patterns/TSingleton.php on line 13 and exactly 1 expected | Файл: /home/sites/MarlinDev_OOP/vendor/Core/DB.php | Строка: 14
=================
[2024-12-20 23:27:18] Текст ошибки: Too few arguments to function Core\DB::__construct(), 0 passed in /home/sites/MarlinDev_OOP/vendor/Core/Patterns/TSingleton.php on line 13 and exactly 1 expected | Файл: /home/sites/MarlinDev_OOP/vendor/Core/DB.php | Строка: 14
=================
[2024-12-20 23:27:31] Текст ошибки: Too few arguments to function Core\DB::__construct(), 0 passed in /home/sites/MarlinDev_OOP/vendor/Core/Patterns/TSingleton.php on line 13 and exactly 1 expected | Файл: /home/sites/MarlinDev_OOP/vendor/Core/DB.php | Строка: 14
=================
[2024-12-20 23:27:32] Текст ошибки: Too few arguments to function Core\DB::__construct(), 0 passed in /home/sites/MarlinDev_OOP/vendor/Core/Patterns/TSingleton.php on line 13 and exactly 1 expected | Файл: /home/sites/MarlinDev_OOP/vendor/Core/DB.php | Строка: 14
=================
[2024-12-20 23:28:48] Текст ошибки: Call to private Core\DB::__construct() from scope Core\App | Файл: /home/sites/MarlinDev_OOP/vendor/Core/App.php | Строка: 19
=================
[2024-12-20 23:28:48] Текст ошибки: Call to private Core\DB::__construct() from scope Core\App | Файл: /home/sites/MarlinDev_OOP/vendor/Core/App.php | Строка: 19
=================
[2024-12-20 23:36:26] Текст ошибки: Undefined constant Core\Patterns\Registry::getProperties | Файл: /home/sites/MarlinDev_OOP/Public/index.php | Строка: 9
=================
